<?xml version="1.0" encoding="UTF-8"?>
<!-- Generated by org.testng.reporters.JUnitXMLReporter -->
<testsuite hostname="Naresh" ignored="0" name="myapptest" tests="3" failures="1" timestamp="07 May 2020 02:59:56 GMT" time="19.48" errors="0">
  <testcase name="gmail" time="6.51" classname="com.webapp.NewTest1"/>
  <testcase name="verifytitle" time="6.479" classname="com.webapp.NewTest3">
    <failure type="java.lang.AssertionError" message="expected [Facebook] but found [Facebook – log in or sign up]">
      <![CDATA[java.lang.AssertionError: expected [Facebook] but found [Facebook – log in or sign up]
at com.webapp.NewTest3.verifytitle(NewTest3.java:42)
... Removed 34 stack frames]]>
    </failure>
  </testcase> <!-- verifytitle -->
  <testcase name="verifyurl" time="6.461" classname="com.webapp.NewTest3"/>
</testsuite> <!-- myapptest -->
